<?xml version="1.0" encoding="UTF-8"?>
<testsuite errors="0" failures="0" name="user_test.ZfmsOrg-20160506094118" skipped="0" tests="2" time="8.207">
	<testcase classname="user_test.ZfmsOrg" name="test_add" time="5.526"/>
	<testcase classname="user_test.ZfmsOrg" name="test_search" time="2.681"/>
	<system-out>
<![CDATA[---添加用户---
---查询用户---
查询到 1 个用户
]]>	</system-out>
	<system-err>
<![CDATA[]]>	</system-err>
</testsuite>
