<?xml version="1.0" encoding="UTF-8"?>
<testsuite errors="0" failures="0" name="Cases.org.user_grid.ZfmsOrg-20160506001437" skipped="0" tests="2" time="19.282">
	<testcase classname="Cases.org.user_grid.ZfmsOrg" name="test_add" time="7.100"/>
	<testcase classname="Cases.org.user_grid.ZfmsOrg" name="test_search" time="12.182"/>
	<system-out>
<![CDATA[---添加用户---
---查询用户---
查询到 1 个用户
]]>	</system-out>
	<system-err>
<![CDATA[]]>	</system-err>
</testsuite>
