<?xml version="1.0" encoding="UTF-8"?>
<testsuite errors="0" failures="0" name="Cases.org.user_grid.ZfmsOrg-20160506115911" skipped="0" tests="2" time="18.386">
	<testcase classname="Cases.org.user_grid.ZfmsOrg" name="test_user_add" time="7.530"/>
	<testcase classname="Cases.org.user_grid.ZfmsOrg" name="test_user_search" time="10.856"/>
	<system-out>
<![CDATA[---添加用户---
---查询用户---
查询到 1 个用户
]]>	</system-out>
	<system-err>
<![CDATA[]]>	</system-err>
</testsuite>
