<?xml version="1.0" encoding="UTF-8"?>
<testsuite errors="0" failures="0" name="Cases.org.user_grid.ZfmsOrg-20160506175620" skipped="0" tests="3" time="11.309">
	<testcase classname="Cases.org.user_grid.ZfmsOrg" name="test_user_add" time="4.584"/>
	<testcase classname="Cases.org.user_grid.ZfmsOrg" name="test_user_bsearch" time="3.005"/>
	<testcase classname="Cases.org.user_grid.ZfmsOrg" name="test_user_del" time="3.720"/>
	<system-out>
<![CDATA[---添加用户---
---查询用户---
查询到 1 个用户
---删除用户---
]]>	</system-out>
	<system-err>
<![CDATA[]]>	</system-err>
</testsuite>
