<?xml version="1.0" encoding="UTF-8"?>
<testsuite errors="0" failures="0" name="Cases.form.table_grid.ZfmsForm-20160506155638" skipped="0" tests="1" time="14.799">
	<testcase classname="Cases.form.table_grid.ZfmsForm" name="test_table_smoke" time="14.799"/>
	<system-out>
<![CDATA[---添加自定义表---
添加字段...
查找新添加的表： a_testtable_710
添加表成功！
---查询表---
查询到 3 个表
---删除表---
删除表成功！
]]>	</system-out>
	<system-err>
<![CDATA[]]>	</system-err>
</testsuite>
