<?xml version="1.0" encoding="UTF-8"?>
<testsuite errors="0" failures="0" name="Cases.org.user_test.ZfmsOrg-20160506101153" skipped="0" tests="2" time="6.449">
	<testcase classname="Cases.org.user_test.ZfmsOrg" name="test_add" time="4.358"/>
	<testcase classname="Cases.org.user_test.ZfmsOrg" name="test_search" time="2.091"/>
	<system-out>
<![CDATA[---添加用户---
---查询用户---
查询到 1 个用户
]]>	</system-out>
	<system-err>
<![CDATA[]]>	</system-err>
</testsuite>
