<?xml version="1.0" encoding="UTF-8"?>
<testsuite errors="0" failures="0" name="Cases.org.user.ZfmsOrg-20160504235027" skipped="0" tests="2" time="5.322">
	<testcase classname="Cases.org.user.ZfmsOrg" name="test_add" time="3.226"/>
	<testcase classname="Cases.org.user.ZfmsOrg" name="test_search" time="2.096"/>
	<system-out>
<![CDATA[---添加用户---
---查询用户---
查询结果为0
]]>	</system-out>
	<system-err>
<![CDATA[]]>	</system-err>
</testsuite>
